0 info it worked if it ends with ok
1 verbose cli [ '/usr/bin/node', '/usr/bin/npm', 'publish' ]
2 info using npm@3.10.10
3 info using node@v6.12.0
4 verbose publish [ '.' ]
5 silly cache add args [ '.', null ]
6 verbose cache add spec .
7 silly cache add parsed spec Result {
7 silly cache add   raw: '.',
7 silly cache add   scope: null,
7 silly cache add   escapedName: null,
7 silly cache add   name: null,
7 silly cache add   rawSpec: '.',
7 silly cache add   spec: '/home/ivan/node/node-debug',
7 silly cache add   type: 'directory' }
8 verbose addLocalDirectory /home/ivan/.npm/node-debug/0.0.1/package.tgz not in flight; packing
9 verbose correctMkdir /home/ivan/.npm correctMkdir not in flight; initializing
10 info lifecycle node-debug@0.0.1~prepublish: node-debug@0.0.1
11 silly lifecycle node-debug@0.0.1~prepublish: no script for prepublish, continuing
12 verbose tar pack [ '/home/ivan/.npm/node-debug/0.0.1/package.tgz',
12 verbose tar pack   '/home/ivan/node/node-debug' ]
13 verbose tarball /home/ivan/.npm/node-debug/0.0.1/package.tgz
14 verbose folder /home/ivan/node/node-debug
15 verbose addLocalTarball adding from inside cache /home/ivan/.npm/node-debug/0.0.1/package.tgz
16 verbose correctMkdir /home/ivan/.npm correctMkdir not in flight; initializing
17 silly cache afterAdd node-debug@0.0.1
18 verbose afterAdd /home/ivan/.npm/node-debug/0.0.1/package/package.json not in flight; writing
19 verbose correctMkdir /home/ivan/.npm correctMkdir not in flight; initializing
20 verbose afterAdd /home/ivan/.npm/node-debug/0.0.1/package/package.json written
21 silly publish { name: 'node-debug',
21 silly publish   version: '0.0.1',
21 silly publish   description: 'Debug console extension',
21 silly publish   main: 'index.js',
21 silly publish   scripts: { test: 'echo "Error: no test specified" && exit 1' },
21 silly publish   repository:
21 silly publish    { type: 'git',
21 silly publish      url: 'git+https://github.com/itivanov/node-debug.git' },
21 silly publish   author:
21 silly publish    { name: 'Ivan Ivanov',
21 silly publish      email: 'itanev@gmail.com',
21 silly publish      url: 'https://github.com/itivanov' },
21 silly publish   license: 'MIT',
21 silly publish   bugs: { url: 'https://github.com/itivanov/node-debug/issues' },
21 silly publish   homepage: 'https://github.com/itivanov/node-debug#readme',
21 silly publish   readme: '# Node.js Debug\n\nDebug console extension\n\n## Installation\n\n```\nnpm install node-debug --save\n```\n\n## Usage\n\n``` js\nvar debug = require(\'node-debug\');\n```\n\n### log()\n\nLogs the message as if you called console.log but prefixes the output with the process.pid and current time\n\n``` js\ndebug.log(\'APP\', \'Starting server\', port);\n\n// [5635] [2017-12-05T13:21:07.558Z] [APP] [Starting server] [80]\n```\n\n### error()\n\nLogs the message as if you called console.error but prefixes the output with the process.pid and current time\n\n``` js\ndebug.error(\'APP\', \'Server error\', error);\n\n// [5635] [2017-12-05T13:21:07.558Z] [APP] [Server error] [Port already in use]\n```\n\n## License\n\nMIT License\n\nCopyright (c) 2017 Ivan Ivanov <itanev@gmail.com> (https://github.com/itivanov)\n\nPermission is hereby granted, free of charge, to any person obtaining a copy\nof this software and associated documentation files (the "Software"), to deal\nin the Software without restriction, including without limitation the rights\nto use, copy, modify, merge, publish, distribute, sublicense, and/or sell\ncopies of the Software, and to permit persons to whom the Software is\nfurnished to do so, subject to the following conditions:\n\nThe above copyright notice and this permission notice shall be included in all\ncopies or substantial portions of the Software.\n\nTHE SOFTWARE IS PROVIDED "AS IS", WITHOUT WARRANTY OF ANY KIND, EXPRESS OR\nIMPLIED, INCLUDING BUT NOT LIMITED TO THE WARRANTIES OF MERCHANTABILITY,\nFITNESS FOR A PARTICULAR PURPOSE AND NONINFRINGEMENT. IN NO EVENT SHALL THE\nAUTHORS OR COPYRIGHT HOLDERS BE LIABLE FOR ANY CLAIM, DAMAGES OR OTHER\nLIABILITY, WHETHER IN AN ACTION OF CONTRACT, TORT OR OTHERWISE, ARISING FROM,\nOUT OF OR IN CONNECTION WITH THE SOFTWARE OR THE USE OR OTHER DEALINGS IN THE\nSOFTWARE.\n',
21 silly publish   readmeFilename: 'README.md',
21 silly publish   gitHead: 'bf875c52442146f1aac129cf3c8a87b6453b6d3a',
21 silly publish   _id: 'node-debug@0.0.1',
21 silly publish   _shasum: '1a3a9040641a2351a8261f47f41feab20e5902da',
21 silly publish   _from: '.' }
22 verbose getPublishConfig undefined
23 silly mapToRegistry name node-debug
24 silly mapToRegistry using default registry
25 silly mapToRegistry registry https://registry.npmjs.org/
26 silly mapToRegistry data Result {
26 silly mapToRegistry   raw: 'node-debug',
26 silly mapToRegistry   scope: null,
26 silly mapToRegistry   escapedName: 'node-debug',
26 silly mapToRegistry   name: 'node-debug',
26 silly mapToRegistry   rawSpec: '',
26 silly mapToRegistry   spec: 'latest',
26 silly mapToRegistry   type: 'tag' }
27 silly mapToRegistry uri https://registry.npmjs.org/node-debug
28 verbose publish registryBase https://registry.npmjs.org/
29 silly publish uploading /home/ivan/.npm/node-debug/0.0.1/package.tgz
30 verbose request uri https://registry.npmjs.org/node-debug
31 verbose request sending authorization for write operation
32 info attempt registry request try #1 at 4:36:39 PM
33 verbose request using bearer token for auth
34 verbose request id c0cbc9786788b209
35 http request PUT https://registry.npmjs.org/node-debug
36 http 403 https://registry.npmjs.org/node-debug
37 verbose headers { 'content-type': 'application/json',
37 verbose headers   'cache-control': 'max-age=300',
37 verbose headers   'content-length': '104',
37 verbose headers   'accept-ranges': 'bytes',
37 verbose headers   date: 'Tue, 05 Dec 2017 14:36:31 GMT',
37 verbose headers   via: '1.1 varnish',
37 verbose headers   connection: 'keep-alive',
37 verbose headers   'x-served-by': 'cache-fra1236-FRA',
37 verbose headers   'x-cache': 'MISS',
37 verbose headers   'x-cache-hits': '0',
37 verbose headers   'x-timer': 'S1512484590.330356,VS0,VE708',
37 verbose headers   vary: 'Accept-Encoding, Accept' }
38 verbose request invalidating /home/ivan/.npm/registry.npmjs.org/node-debug on PUT
39 error publish Failed PUT 403
40 verbose stack Error: You do not have permission to publish "node-debug". Are you logged in as the correct user? : node-debug
40 verbose stack     at makeError (/usr/lib/node_modules/npm/node_modules/npm-registry-client/lib/request.js:302:12)
40 verbose stack     at CachingRegistryClient.<anonymous> (/usr/lib/node_modules/npm/node_modules/npm-registry-client/lib/request.js:290:14)
40 verbose stack     at Request._callback (/usr/lib/node_modules/npm/node_modules/npm-registry-client/lib/request.js:210:14)
40 verbose stack     at Request.self.callback (/usr/lib/node_modules/npm/node_modules/request/request.js:187:22)
40 verbose stack     at emitTwo (events.js:106:13)
40 verbose stack     at Request.emit (events.js:191:7)
40 verbose stack     at Request.<anonymous> (/usr/lib/node_modules/npm/node_modules/request/request.js:1048:10)
40 verbose stack     at emitOne (events.js:96:13)
40 verbose stack     at Request.emit (events.js:188:7)
40 verbose stack     at IncomingMessage.<anonymous> (/usr/lib/node_modules/npm/node_modules/request/request.js:969:12)
41 verbose statusCode 403
42 verbose pkgid node-debug
43 verbose cwd /home/ivan/node/node-debug
44 error Linux 3.16.0-4-amd64
45 error argv "/usr/bin/node" "/usr/bin/npm" "publish"
46 error node v6.12.0
47 error npm  v3.10.10
48 error code E403
49 error You do not have permission to publish "node-debug". Are you logged in as the correct user? : node-debug
50 error If you need help, you may report this error at:
50 error     <https://github.com/npm/npm/issues>
51 verbose exit [ 1, true ]
